<?xml version="1.0" encoding="UTF-8"?>
<!-- Generated by org.testng.reporters.JUnitReportReporter -->
<testsuite hostname="DELL" failures="0" tests="1" name="runner.testrunner" time="16.364" errors="0" timestamp="6 Nov 2022 18:59:18 GMT">
  <testcase classname="runner.testrunner" name="runScenario" time="16.364"/>
</testsuite> <!-- runner.testrunner -->
